<?xml version="1.0" encoding="UTF-8"?>
<!-- Generated by org.testng.reporters.JUnitReportReporter -->
<testsuite hostname="LIN86000486" failures="0" tests="1" name="com.testCases.CreateAccountTest" time="9.084" errors="0" timestamp="2022-06-15T23:25:33 IST" skipped="0">
  <testcase classname="com.testCases.CreateAccountTest" name="validTest" time="9.084"/>
  <system-out/>
</testsuite> <!-- com.testCases.CreateAccountTest -->
