<?xml version="1.0" encoding="UTF-8"?>
<!-- Generated by org.testng.reporters.JUnitReportReporter -->
<testsuite hostname="LIN86000486" failures="0" tests="2" name="com.testCases.SignInTest" time="8.336" errors="0" timestamp="2022-06-15T22:49:48 IST" skipped="0">
  <testcase classname="com.testCases.SignInTest" name="invalidTest" time="3.675"/>
  <system-out/>
  <testcase classname="com.testCases.SignInTest" name="validTest" time="4.661"/>
  <system-out/>
</testsuite> <!-- com.testCases.SignInTest -->
